<?xml version="1.0" encoding="UTF-8"?>
<testsuite xmlns:xsi="http://www.w3.org/2001/XMLSchema-instance" xsi:noNamespaceSchemaLocation="https://maven.apache.org/surefire/maven-surefire-plugin/xsd/surefire-test-report-3.0.xsd" version="3.0" name="com.email.writer.EmailWriterSbApplicationTests" time="11.323" tests="1" errors="0" skipped="0" failures="0">
  <properties>
    <property name="java.specification.version" value="21"/>
    <property name="sun.jnu.encoding" value="UTF-8"/>
    <property name="java.class.path" value="/home/rahul/Desktop/code/email-writer-sb/target/test-classes:/home/rahul/Desktop/code/email-writer-sb/target/classes:/home/rahul/.m2/repository/org/springframework/boot/spring-boot-starter-web/3.3.10-SNAPSHOT/spring-boot-starter-web-3.3.10-SNAPSHOT.jar:/home/rahul/.m2/repository/org/springframework/boot/spring-boot-starter/3.3.10-SNAPSHOT/spring-boot-starter-3.3.10-SNAPSHOT.jar:/home/rahul/.m2/repository/org/springframework/boot/spring-boot/3.3.10-SNAPSHOT/spring-boot-3.3.10-SNAPSHOT.jar:/home/rahul/.m2/repository/org/springframework/boot/spring-boot-autoconfigure/3.3.10-SNAPSHOT/spring-boot-autoconfigure-3.3.10-SNAPSHOT.jar:/home/rahul/.m2/repository/org/springframework/boot/spring-boot-starter-logging/3.3.10-SNAPSHOT/spring-boot-starter-logging-3.3.10-SNAPSHOT.jar:/home/rahul/.m2/repository/ch/qos/logback/logback-classic/1.5.18/logback-classic-1.5.18.jar:/home/rahul/.m2/repository/ch/qos/logback/logback-core/1.5.18/logback-core-1.5.18.jar:/home/rahul/.m2/repository/org/apache/logging/log4j/log4j-to-slf4j/2.23.1/log4j-to-slf4j-2.23.1.jar:/home/rahul/.m2/repository/org/apache/logging/log4j/log4j-api/2.23.1/log4j-api-2.23.1.jar:/home/rahul/.m2/repository/org/slf4j/jul-to-slf4j/2.0.17/jul-to-slf4j-2.0.17.jar:/home/rahul/.m2/repository/jakarta/annotation/jakarta.annotation-api/2.1.1/jakarta.annotation-api-2.1.1.jar:/home/rahul/.m2/repository/org/yaml/snakeyaml/2.2/snakeyaml-2.2.jar:/home/rahul/.m2/repository/org/springframework/boot/spring-boot-starter-json/3.3.10-SNAPSHOT/spring-boot-starter-json-3.3.10-SNAPSHOT.jar:/home/rahul/.m2/repository/com/fasterxml/jackson/core/jackson-databind/2.17.3/jackson-databind-2.17.3.jar:/home/rahul/.m2/repository/com/fasterxml/jackson/core/jackson-annotations/2.17.3/jackson-annotations-2.17.3.jar:/home/rahul/.m2/repository/com/fasterxml/jackson/core/jackson-core/2.17.3/jackson-core-2.17.3.jar:/home/rahul/.m2/repository/com/fasterxml/jackson/datatype/jackson-datatype-jdk8/2.17.3/jackson-datatype-jdk8-2.17.3.jar:/home/rahul/.m2/repository/com/fasterxml/jackson/datatype/jackson-datatype-jsr310/2.17.3/jackson-datatype-jsr310-2.17.3.jar:/home/rahul/.m2/repository/com/fasterxml/jackson/module/jackson-module-parameter-names/2.17.3/jackson-module-parameter-names-2.17.3.jar:/home/rahul/.m2/repository/org/springframework/boot/spring-boot-starter-tomcat/3.3.10-SNAPSHOT/spring-boot-starter-tomcat-3.3.10-SNAPSHOT.jar:/home/rahul/.m2/repository/org/apache/tomcat/embed/tomcat-embed-core/10.1.39/tomcat-embed-core-10.1.39.jar:/home/rahul/.m2/repository/org/apache/tomcat/embed/tomcat-embed-el/10.1.39/tomcat-embed-el-10.1.39.jar:/home/rahul/.m2/repository/org/apache/tomcat/embed/tomcat-embed-websocket/10.1.39/tomcat-embed-websocket-10.1.39.jar:/home/rahul/.m2/repository/org/springframework/spring-web/6.1.18/spring-web-6.1.18.jar:/home/rahul/.m2/repository/org/springframework/spring-beans/6.1.18/spring-beans-6.1.18.jar:/home/rahul/.m2/repository/io/micrometer/micrometer-observation/1.13.12/micrometer-observation-1.13.12.jar:/home/rahul/.m2/repository/io/micrometer/micrometer-commons/1.13.12/micrometer-commons-1.13.12.jar:/home/rahul/.m2/repository/org/springframework/spring-webmvc/6.1.18/spring-webmvc-6.1.18.jar:/home/rahul/.m2/repository/org/springframework/spring-aop/6.1.18/spring-aop-6.1.18.jar:/home/rahul/.m2/repository/org/springframework/spring-context/6.1.18/spring-context-6.1.18.jar:/home/rahul/.m2/repository/org/springframework/spring-expression/6.1.18/spring-expression-6.1.18.jar:/home/rahul/.m2/repository/org/projectlombok/lombok/1.18.36/lombok-1.18.36.jar:/home/rahul/.m2/repository/org/springframework/boot/spring-boot-starter-data-redis/3.3.10-SNAPSHOT/spring-boot-starter-data-redis-3.3.10-SNAPSHOT.jar:/home/rahul/.m2/repository/io/lettuce/lettuce-core/6.3.2.RELEASE/lettuce-core-6.3.2.RELEASE.jar:/home/rahul/.m2/repository/io/netty/netty-common/4.1.119.Final/netty-common-4.1.119.Final.jar:/home/rahul/.m2/repository/io/netty/netty-handler/4.1.119.Final/netty-handler-4.1.119.Final.jar:/home/rahul/.m2/repository/io/netty/netty-resolver/4.1.119.Final/netty-resolver-4.1.119.Final.jar:/home/rahul/.m2/repository/io/netty/netty-buffer/4.1.119.Final/netty-buffer-4.1.119.Final.jar:/home/rahul/.m2/repository/io/netty/netty-transport-native-unix-common/4.1.119.Final/netty-transport-native-unix-common-4.1.119.Final.jar:/home/rahul/.m2/repository/io/netty/netty-codec/4.1.119.Final/netty-codec-4.1.119.Final.jar:/home/rahul/.m2/repository/io/netty/netty-transport/4.1.119.Final/netty-transport-4.1.119.Final.jar:/home/rahul/.m2/repository/org/springframework/data/spring-data-redis/3.3.10/spring-data-redis-3.3.10.jar:/home/rahul/.m2/repository/org/springframework/data/spring-data-keyvalue/3.3.10/spring-data-keyvalue-3.3.10.jar:/home/rahul/.m2/repository/org/springframework/data/spring-data-commons/3.3.10/spring-data-commons-3.3.10.jar:/home/rahul/.m2/repository/org/springframework/spring-tx/6.1.18/spring-tx-6.1.18.jar:/home/rahul/.m2/repository/org/springframework/spring-oxm/6.1.18/spring-oxm-6.1.18.jar:/home/rahul/.m2/repository/org/slf4j/slf4j-api/2.0.17/slf4j-api-2.0.17.jar:/home/rahul/.m2/repository/org/springframework/boot/spring-boot-starter-cache/3.3.10-SNAPSHOT/spring-boot-starter-cache-3.3.10-SNAPSHOT.jar:/home/rahul/.m2/repository/org/springframework/spring-context-support/6.1.18/spring-context-support-6.1.18.jar:/home/rahul/.m2/repository/org/springframework/boot/spring-boot-starter-test/3.3.10-SNAPSHOT/spring-boot-starter-test-3.3.10-SNAPSHOT.jar:/home/rahul/.m2/repository/org/springframework/boot/spring-boot-test/3.3.10-SNAPSHOT/spring-boot-test-3.3.10-SNAPSHOT.jar:/home/rahul/.m2/repository/org/springframework/boot/spring-boot-test-autoconfigure/3.3.10-SNAPSHOT/spring-boot-test-autoconfigure-3.3.10-SNAPSHOT.jar:/home/rahul/.m2/repository/com/jayway/jsonpath/json-path/2.9.0/json-path-2.9.0.jar:/home/rahul/.m2/repository/jakarta/xml/bind/jakarta.xml.bind-api/4.0.2/jakarta.xml.bind-api-4.0.2.jar:/home/rahul/.m2/repository/jakarta/activation/jakarta.activation-api/2.1.3/jakarta.activation-api-2.1.3.jar:/home/rahul/.m2/repository/net/minidev/json-smart/2.5.2/json-smart-2.5.2.jar:/home/rahul/.m2/repository/net/minidev/accessors-smart/2.5.2/accessors-smart-2.5.2.jar:/home/rahul/.m2/repository/org/ow2/asm/asm/9.7.1/asm-9.7.1.jar:/home/rahul/.m2/repository/org/assertj/assertj-core/3.25.3/assertj-core-3.25.3.jar:/home/rahul/.m2/repository/net/bytebuddy/byte-buddy/1.14.19/byte-buddy-1.14.19.jar:/home/rahul/.m2/repository/org/awaitility/awaitility/4.2.2/awaitility-4.2.2.jar:/home/rahul/.m2/repository/org/hamcrest/hamcrest/2.2/hamcrest-2.2.jar:/home/rahul/.m2/repository/org/junit/jupiter/junit-jupiter/5.10.5/junit-jupiter-5.10.5.jar:/home/rahul/.m2/repository/org/junit/jupiter/junit-jupiter-api/5.10.5/junit-jupiter-api-5.10.5.jar:/home/rahul/.m2/repository/org/opentest4j/opentest4j/1.3.0/opentest4j-1.3.0.jar:/home/rahul/.m2/repository/org/junit/platform/junit-platform-commons/1.10.5/junit-platform-commons-1.10.5.jar:/home/rahul/.m2/repository/org/apiguardian/apiguardian-api/1.1.2/apiguardian-api-1.1.2.jar:/home/rahul/.m2/repository/org/junit/jupiter/junit-jupiter-params/5.10.5/junit-jupiter-params-5.10.5.jar:/home/rahul/.m2/repository/org/junit/jupiter/junit-jupiter-engine/5.10.5/junit-jupiter-engine-5.10.5.jar:/home/rahul/.m2/repository/org/junit/platform/junit-platform-engine/1.10.5/junit-platform-engine-1.10.5.jar:/home/rahul/.m2/repository/org/mockito/mockito-core/5.11.0/mockito-core-5.11.0.jar:/home/rahul/.m2/repository/net/bytebuddy/byte-buddy-agent/1.14.19/byte-buddy-agent-1.14.19.jar:/home/rahul/.m2/repository/org/objenesis/objenesis/3.3/objenesis-3.3.jar:/home/rahul/.m2/repository/org/mockito/mockito-junit-jupiter/5.11.0/mockito-junit-jupiter-5.11.0.jar:/home/rahul/.m2/repository/org/skyscreamer/jsonassert/1.5.3/jsonassert-1.5.3.jar:/home/rahul/.m2/repository/com/vaadin/external/google/android-json/0.0.20131108.vaadin1/android-json-0.0.20131108.vaadin1.jar:/home/rahul/.m2/repository/org/springframework/spring-core/6.1.18/spring-core-6.1.18.jar:/home/rahul/.m2/repository/org/springframework/spring-jcl/6.1.18/spring-jcl-6.1.18.jar:/home/rahul/.m2/repository/org/springframework/spring-test/6.1.18/spring-test-6.1.18.jar:/home/rahul/.m2/repository/org/xmlunit/xmlunit-core/2.9.1/xmlunit-core-2.9.1.jar:/home/rahul/.m2/repository/org/springframework/boot/spring-boot-starter-webflux/3.3.10-SNAPSHOT/spring-boot-starter-webflux-3.3.10-SNAPSHOT.jar:/home/rahul/.m2/repository/org/springframework/boot/spring-boot-starter-reactor-netty/3.3.10-SNAPSHOT/spring-boot-starter-reactor-netty-3.3.10-SNAPSHOT.jar:/home/rahul/.m2/repository/io/projectreactor/netty/reactor-netty-http/1.1.28/reactor-netty-http-1.1.28.jar:/home/rahul/.m2/repository/io/netty/netty-codec-http/4.1.119.Final/netty-codec-http-4.1.119.Final.jar:/home/rahul/.m2/repository/io/netty/netty-codec-http2/4.1.119.Final/netty-codec-http2-4.1.119.Final.jar:/home/rahul/.m2/repository/io/netty/netty-resolver-dns/4.1.119.Final/netty-resolver-dns-4.1.119.Final.jar:/home/rahul/.m2/repository/io/netty/netty-codec-dns/4.1.119.Final/netty-codec-dns-4.1.119.Final.jar:/home/rahul/.m2/repository/io/netty/netty-resolver-dns-native-macos/4.1.119.Final/netty-resolver-dns-native-macos-4.1.119.Final-osx-x86_64.jar:/home/rahul/.m2/repository/io/netty/netty-resolver-dns-classes-macos/4.1.119.Final/netty-resolver-dns-classes-macos-4.1.119.Final.jar:/home/rahul/.m2/repository/io/netty/netty-transport-native-epoll/4.1.119.Final/netty-transport-native-epoll-4.1.119.Final-linux-x86_64.jar:/home/rahul/.m2/repository/io/netty/netty-transport-classes-epoll/4.1.119.Final/netty-transport-classes-epoll-4.1.119.Final.jar:/home/rahul/.m2/repository/io/projectreactor/netty/reactor-netty-core/1.1.28/reactor-netty-core-1.1.28.jar:/home/rahul/.m2/repository/io/netty/netty-handler-proxy/4.1.119.Final/netty-handler-proxy-4.1.119.Final.jar:/home/rahul/.m2/repository/io/netty/netty-codec-socks/4.1.119.Final/netty-codec-socks-4.1.119.Final.jar:/home/rahul/.m2/repository/org/springframework/spring-webflux/6.1.18/spring-webflux-6.1.18.jar:/home/rahul/.m2/repository/io/projectreactor/reactor-test/3.6.15/reactor-test-3.6.15.jar:/home/rahul/.m2/repository/io/projectreactor/reactor-core/3.6.15/reactor-core-3.6.15.jar:/home/rahul/.m2/repository/org/reactivestreams/reactive-streams/1.0.4/reactive-streams-1.0.4.jar:/home/rahul/.m2/repository/it/ozimov/embedded-redis/0.7.2/embedded-redis-0.7.2.jar:/home/rahul/.m2/repository/com/google/guava/guava/21.0/guava-21.0.jar:/home/rahul/.m2/repository/commons-io/commons-io/2.5/commons-io-2.5.jar:"/>
    <property name="java.vm.vendor" value="Debian"/>
    <property name="sun.arch.data.model" value="64"/>
    <property name="java.vendor.url" value="https://tracker.debian.org/openjdk-21"/>
    <property name="user.timezone" value="Asia/Kolkata"/>
    <property name="os.name" value="Linux"/>
    <property name="java.vm.specification.version" value="21"/>
    <property name="sun.java.launcher" value="SUN_STANDARD"/>
    <property name="user.country" value="US"/>
    <property name="sun.boot.library.path" value="/usr/lib/jvm/java-21-openjdk-amd64/lib"/>
    <property name="sun.java.command" value="/home/rahul/Desktop/code/email-writer-sb/target/surefire/surefirebooter-20250519011422111_3.jar /home/rahul/Desktop/code/email-writer-sb/target/surefire 2025-05-19T01-14-21_831-jvmRun1 surefire-20250519011422111_1tmp surefire_0-20250519011422111_2tmp"/>
    <property name="jdk.debug" value="release"/>
    <property name="surefire.test.class.path" value="/home/rahul/Desktop/code/email-writer-sb/target/test-classes:/home/rahul/Desktop/code/email-writer-sb/target/classes:/home/rahul/.m2/repository/org/springframework/boot/spring-boot-starter-web/3.3.10-SNAPSHOT/spring-boot-starter-web-3.3.10-SNAPSHOT.jar:/home/rahul/.m2/repository/org/springframework/boot/spring-boot-starter/3.3.10-SNAPSHOT/spring-boot-starter-3.3.10-SNAPSHOT.jar:/home/rahul/.m2/repository/org/springframework/boot/spring-boot/3.3.10-SNAPSHOT/spring-boot-3.3.10-SNAPSHOT.jar:/home/rahul/.m2/repository/org/springframework/boot/spring-boot-autoconfigure/3.3.10-SNAPSHOT/spring-boot-autoconfigure-3.3.10-SNAPSHOT.jar:/home/rahul/.m2/repository/org/springframework/boot/spring-boot-starter-logging/3.3.10-SNAPSHOT/spring-boot-starter-logging-3.3.10-SNAPSHOT.jar:/home/rahul/.m2/repository/ch/qos/logback/logback-classic/1.5.18/logback-classic-1.5.18.jar:/home/rahul/.m2/repository/ch/qos/logback/logback-core/1.5.18/logback-core-1.5.18.jar:/home/rahul/.m2/repository/org/apache/logging/log4j/log4j-to-slf4j/2.23.1/log4j-to-slf4j-2.23.1.jar:/home/rahul/.m2/repository/org/apache/logging/log4j/log4j-api/2.23.1/log4j-api-2.23.1.jar:/home/rahul/.m2/repository/org/slf4j/jul-to-slf4j/2.0.17/jul-to-slf4j-2.0.17.jar:/home/rahul/.m2/repository/jakarta/annotation/jakarta.annotation-api/2.1.1/jakarta.annotation-api-2.1.1.jar:/home/rahul/.m2/repository/org/yaml/snakeyaml/2.2/snakeyaml-2.2.jar:/home/rahul/.m2/repository/org/springframework/boot/spring-boot-starter-json/3.3.10-SNAPSHOT/spring-boot-starter-json-3.3.10-SNAPSHOT.jar:/home/rahul/.m2/repository/com/fasterxml/jackson/core/jackson-databind/2.17.3/jackson-databind-2.17.3.jar:/home/rahul/.m2/repository/com/fasterxml/jackson/core/jackson-annotations/2.17.3/jackson-annotations-2.17.3.jar:/home/rahul/.m2/repository/com/fasterxml/jackson/core/jackson-core/2.17.3/jackson-core-2.17.3.jar:/home/rahul/.m2/repository/com/fasterxml/jackson/datatype/jackson-datatype-jdk8/2.17.3/jackson-datatype-jdk8-2.17.3.jar:/home/rahul/.m2/repository/com/fasterxml/jackson/datatype/jackson-datatype-jsr310/2.17.3/jackson-datatype-jsr310-2.17.3.jar:/home/rahul/.m2/repository/com/fasterxml/jackson/module/jackson-module-parameter-names/2.17.3/jackson-module-parameter-names-2.17.3.jar:/home/rahul/.m2/repository/org/springframework/boot/spring-boot-starter-tomcat/3.3.10-SNAPSHOT/spring-boot-starter-tomcat-3.3.10-SNAPSHOT.jar:/home/rahul/.m2/repository/org/apache/tomcat/embed/tomcat-embed-core/10.1.39/tomcat-embed-core-10.1.39.jar:/home/rahul/.m2/repository/org/apache/tomcat/embed/tomcat-embed-el/10.1.39/tomcat-embed-el-10.1.39.jar:/home/rahul/.m2/repository/org/apache/tomcat/embed/tomcat-embed-websocket/10.1.39/tomcat-embed-websocket-10.1.39.jar:/home/rahul/.m2/repository/org/springframework/spring-web/6.1.18/spring-web-6.1.18.jar:/home/rahul/.m2/repository/org/springframework/spring-beans/6.1.18/spring-beans-6.1.18.jar:/home/rahul/.m2/repository/io/micrometer/micrometer-observation/1.13.12/micrometer-observation-1.13.12.jar:/home/rahul/.m2/repository/io/micrometer/micrometer-commons/1.13.12/micrometer-commons-1.13.12.jar:/home/rahul/.m2/repository/org/springframework/spring-webmvc/6.1.18/spring-webmvc-6.1.18.jar:/home/rahul/.m2/repository/org/springframework/spring-aop/6.1.18/spring-aop-6.1.18.jar:/home/rahul/.m2/repository/org/springframework/spring-context/6.1.18/spring-context-6.1.18.jar:/home/rahul/.m2/repository/org/springframework/spring-expression/6.1.18/spring-expression-6.1.18.jar:/home/rahul/.m2/repository/org/projectlombok/lombok/1.18.36/lombok-1.18.36.jar:/home/rahul/.m2/repository/org/springframework/boot/spring-boot-starter-data-redis/3.3.10-SNAPSHOT/spring-boot-starter-data-redis-3.3.10-SNAPSHOT.jar:/home/rahul/.m2/repository/io/lettuce/lettuce-core/6.3.2.RELEASE/lettuce-core-6.3.2.RELEASE.jar:/home/rahul/.m2/repository/io/netty/netty-common/4.1.119.Final/netty-common-4.1.119.Final.jar:/home/rahul/.m2/repository/io/netty/netty-handler/4.1.119.Final/netty-handler-4.1.119.Final.jar:/home/rahul/.m2/repository/io/netty/netty-resolver/4.1.119.Final/netty-resolver-4.1.119.Final.jar:/home/rahul/.m2/repository/io/netty/netty-buffer/4.1.119.Final/netty-buffer-4.1.119.Final.jar:/home/rahul/.m2/repository/io/netty/netty-transport-native-unix-common/4.1.119.Final/netty-transport-native-unix-common-4.1.119.Final.jar:/home/rahul/.m2/repository/io/netty/netty-codec/4.1.119.Final/netty-codec-4.1.119.Final.jar:/home/rahul/.m2/repository/io/netty/netty-transport/4.1.119.Final/netty-transport-4.1.119.Final.jar:/home/rahul/.m2/repository/org/springframework/data/spring-data-redis/3.3.10/spring-data-redis-3.3.10.jar:/home/rahul/.m2/repository/org/springframework/data/spring-data-keyvalue/3.3.10/spring-data-keyvalue-3.3.10.jar:/home/rahul/.m2/repository/org/springframework/data/spring-data-commons/3.3.10/spring-data-commons-3.3.10.jar:/home/rahul/.m2/repository/org/springframework/spring-tx/6.1.18/spring-tx-6.1.18.jar:/home/rahul/.m2/repository/org/springframework/spring-oxm/6.1.18/spring-oxm-6.1.18.jar:/home/rahul/.m2/repository/org/slf4j/slf4j-api/2.0.17/slf4j-api-2.0.17.jar:/home/rahul/.m2/repository/org/springframework/boot/spring-boot-starter-cache/3.3.10-SNAPSHOT/spring-boot-starter-cache-3.3.10-SNAPSHOT.jar:/home/rahul/.m2/repository/org/springframework/spring-context-support/6.1.18/spring-context-support-6.1.18.jar:/home/rahul/.m2/repository/org/springframework/boot/spring-boot-starter-test/3.3.10-SNAPSHOT/spring-boot-starter-test-3.3.10-SNAPSHOT.jar:/home/rahul/.m2/repository/org/springframework/boot/spring-boot-test/3.3.10-SNAPSHOT/spring-boot-test-3.3.10-SNAPSHOT.jar:/home/rahul/.m2/repository/org/springframework/boot/spring-boot-test-autoconfigure/3.3.10-SNAPSHOT/spring-boot-test-autoconfigure-3.3.10-SNAPSHOT.jar:/home/rahul/.m2/repository/com/jayway/jsonpath/json-path/2.9.0/json-path-2.9.0.jar:/home/rahul/.m2/repository/jakarta/xml/bind/jakarta.xml.bind-api/4.0.2/jakarta.xml.bind-api-4.0.2.jar:/home/rahul/.m2/repository/jakarta/activation/jakarta.activation-api/2.1.3/jakarta.activation-api-2.1.3.jar:/home/rahul/.m2/repository/net/minidev/json-smart/2.5.2/json-smart-2.5.2.jar:/home/rahul/.m2/repository/net/minidev/accessors-smart/2.5.2/accessors-smart-2.5.2.jar:/home/rahul/.m2/repository/org/ow2/asm/asm/9.7.1/asm-9.7.1.jar:/home/rahul/.m2/repository/org/assertj/assertj-core/3.25.3/assertj-core-3.25.3.jar:/home/rahul/.m2/repository/net/bytebuddy/byte-buddy/1.14.19/byte-buddy-1.14.19.jar:/home/rahul/.m2/repository/org/awaitility/awaitility/4.2.2/awaitility-4.2.2.jar:/home/rahul/.m2/repository/org/hamcrest/hamcrest/2.2/hamcrest-2.2.jar:/home/rahul/.m2/repository/org/junit/jupiter/junit-jupiter/5.10.5/junit-jupiter-5.10.5.jar:/home/rahul/.m2/repository/org/junit/jupiter/junit-jupiter-api/5.10.5/junit-jupiter-api-5.10.5.jar:/home/rahul/.m2/repository/org/opentest4j/opentest4j/1.3.0/opentest4j-1.3.0.jar:/home/rahul/.m2/repository/org/junit/platform/junit-platform-commons/1.10.5/junit-platform-commons-1.10.5.jar:/home/rahul/.m2/repository/org/apiguardian/apiguardian-api/1.1.2/apiguardian-api-1.1.2.jar:/home/rahul/.m2/repository/org/junit/jupiter/junit-jupiter-params/5.10.5/junit-jupiter-params-5.10.5.jar:/home/rahul/.m2/repository/org/junit/jupiter/junit-jupiter-engine/5.10.5/junit-jupiter-engine-5.10.5.jar:/home/rahul/.m2/repository/org/junit/platform/junit-platform-engine/1.10.5/junit-platform-engine-1.10.5.jar:/home/rahul/.m2/repository/org/mockito/mockito-core/5.11.0/mockito-core-5.11.0.jar:/home/rahul/.m2/repository/net/bytebuddy/byte-buddy-agent/1.14.19/byte-buddy-agent-1.14.19.jar:/home/rahul/.m2/repository/org/objenesis/objenesis/3.3/objenesis-3.3.jar:/home/rahul/.m2/repository/org/mockito/mockito-junit-jupiter/5.11.0/mockito-junit-jupiter-5.11.0.jar:/home/rahul/.m2/repository/org/skyscreamer/jsonassert/1.5.3/jsonassert-1.5.3.jar:/home/rahul/.m2/repository/com/vaadin/external/google/android-json/0.0.20131108.vaadin1/android-json-0.0.20131108.vaadin1.jar:/home/rahul/.m2/repository/org/springframework/spring-core/6.1.18/spring-core-6.1.18.jar:/home/rahul/.m2/repository/org/springframework/spring-jcl/6.1.18/spring-jcl-6.1.18.jar:/home/rahul/.m2/repository/org/springframework/spring-test/6.1.18/spring-test-6.1.18.jar:/home/rahul/.m2/repository/org/xmlunit/xmlunit-core/2.9.1/xmlunit-core-2.9.1.jar:/home/rahul/.m2/repository/org/springframework/boot/spring-boot-starter-webflux/3.3.10-SNAPSHOT/spring-boot-starter-webflux-3.3.10-SNAPSHOT.jar:/home/rahul/.m2/repository/org/springframework/boot/spring-boot-starter-reactor-netty/3.3.10-SNAPSHOT/spring-boot-starter-reactor-netty-3.3.10-SNAPSHOT.jar:/home/rahul/.m2/repository/io/projectreactor/netty/reactor-netty-http/1.1.28/reactor-netty-http-1.1.28.jar:/home/rahul/.m2/repository/io/netty/netty-codec-http/4.1.119.Final/netty-codec-http-4.1.119.Final.jar:/home/rahul/.m2/repository/io/netty/netty-codec-http2/4.1.119.Final/netty-codec-http2-4.1.119.Final.jar:/home/rahul/.m2/repository/io/netty/netty-resolver-dns/4.1.119.Final/netty-resolver-dns-4.1.119.Final.jar:/home/rahul/.m2/repository/io/netty/netty-codec-dns/4.1.119.Final/netty-codec-dns-4.1.119.Final.jar:/home/rahul/.m2/repository/io/netty/netty-resolver-dns-native-macos/4.1.119.Final/netty-resolver-dns-native-macos-4.1.119.Final-osx-x86_64.jar:/home/rahul/.m2/repository/io/netty/netty-resolver-dns-classes-macos/4.1.119.Final/netty-resolver-dns-classes-macos-4.1.119.Final.jar:/home/rahul/.m2/repository/io/netty/netty-transport-native-epoll/4.1.119.Final/netty-transport-native-epoll-4.1.119.Final-linux-x86_64.jar:/home/rahul/.m2/repository/io/netty/netty-transport-classes-epoll/4.1.119.Final/netty-transport-classes-epoll-4.1.119.Final.jar:/home/rahul/.m2/repository/io/projectreactor/netty/reactor-netty-core/1.1.28/reactor-netty-core-1.1.28.jar:/home/rahul/.m2/repository/io/netty/netty-handler-proxy/4.1.119.Final/netty-handler-proxy-4.1.119.Final.jar:/home/rahul/.m2/repository/io/netty/netty-codec-socks/4.1.119.Final/netty-codec-socks-4.1.119.Final.jar:/home/rahul/.m2/repository/org/springframework/spring-webflux/6.1.18/spring-webflux-6.1.18.jar:/home/rahul/.m2/repository/io/projectreactor/reactor-test/3.6.15/reactor-test-3.6.15.jar:/home/rahul/.m2/repository/io/projectreactor/reactor-core/3.6.15/reactor-core-3.6.15.jar:/home/rahul/.m2/repository/org/reactivestreams/reactive-streams/1.0.4/reactive-streams-1.0.4.jar:/home/rahul/.m2/repository/it/ozimov/embedded-redis/0.7.2/embedded-redis-0.7.2.jar:/home/rahul/.m2/repository/com/google/guava/guava/21.0/guava-21.0.jar:/home/rahul/.m2/repository/commons-io/commons-io/2.5/commons-io-2.5.jar:"/>
    <property name="sun.cpu.endian" value="little"/>
    <property name="user.home" value="/home/rahul"/>
    <property name="user.language" value="en"/>
    <property name="java.specification.vendor" value="Oracle Corporation"/>
    <property name="java.version.date" value="2025-01-21"/>
    <property name="java.home" value="/usr/lib/jvm/java-21-openjdk-amd64"/>
    <property name="file.separator" value="/"/>
    <property name="basedir" value="/home/rahul/Desktop/code/email-writer-sb"/>
    <property name="java.vm.compressedOopsMode" value="32-bit"/>
    <property name="line.separator" value="&#10;"/>
    <property name="java.vm.specification.vendor" value="Oracle Corporation"/>
    <property name="java.specification.name" value="Java Platform API Specification"/>
    <property name="FILE_LOG_CHARSET" value="UTF-8"/>
    <property name="java.awt.headless" value="true"/>
    <property name="surefire.real.class.path" value="/home/rahul/Desktop/code/email-writer-sb/target/surefire/surefirebooter-20250519011422111_3.jar"/>
    <property name="sun.management.compiler" value="HotSpot 64-Bit Tiered Compilers"/>
    <property name="java.runtime.version" value="21.0.6+7-Debian-1"/>
    <property name="user.name" value="rahul"/>
    <property name="stdout.encoding" value="UTF-8"/>
    <property name="path.separator" value=":"/>
    <property name="os.version" value="6.12.13-amd64"/>
    <property name="java.runtime.name" value="OpenJDK Runtime Environment"/>
    <property name="file.encoding" value="UTF-8"/>
    <property name="java.vm.name" value="OpenJDK 64-Bit Server VM"/>
    <property name="localRepository" value="/home/rahul/.m2/repository"/>
    <property name="java.vendor.url.bug" value="https://bugs.debian.org/openjdk-21"/>
    <property name="java.io.tmpdir" value="/tmp"/>
    <property name="java.version" value="21.0.6"/>
    <property name="user.dir" value="/home/rahul/Desktop/code/email-writer-sb"/>
    <property name="os.arch" value="amd64"/>
    <property name="java.vm.specification.name" value="Java Virtual Machine Specification"/>
    <property name="PID" value="17645"/>
    <property name="CONSOLE_LOG_CHARSET" value="UTF-8"/>
    <property name="native.encoding" value="UTF-8"/>
    <property name="java.library.path" value="/usr/java/packages/lib:/usr/lib/x86_64-linux-gnu/jni:/lib/x86_64-linux-gnu:/usr/lib/x86_64-linux-gnu:/usr/lib/jni:/lib:/usr/lib"/>
    <property name="java.vm.info" value="mixed mode, sharing"/>
    <property name="stderr.encoding" value="UTF-8"/>
    <property name="java.vendor" value="Debian"/>
    <property name="java.vm.version" value="21.0.6+7-Debian-1"/>
    <property name="sun.io.unicode.encoding" value="UnicodeLittle"/>
    <property name="java.class.version" value="65.0"/>
    <property name="LOGGED_APPLICATION_NAME" value="[email-writer-sb] "/>
  </properties>
  <testcase name="contextLoads" classname="com.email.writer.EmailWriterSbApplicationTests" time="2.422">
    <system-out><![CDATA[01:14:24.618 [main] INFO org.springframework.test.context.support.AnnotationConfigContextLoaderUtils -- Could not detect default configuration classes for test class [com.email.writer.EmailWriterSbApplicationTests]: EmailWriterSbApplicationTests does not declare any static, non-private, non-final, nested classes annotated with @Configuration.
01:14:25.158 [main] INFO org.springframework.boot.test.context.SpringBootTestContextBootstrapper -- Found @SpringBootConfiguration com.email.writer.EmailWriterSbApplication for test class com.email.writer.EmailWriterSbApplicationTests

  .   ____          _            __ _ _
 /\\ / ___'_ __ _ _(_)_ __  __ _ \ \ \ \
( ( )\___ | '_ | '_| | '_ \/ _` | \ \ \ \
 \\/  ___)| |_)| | | | | || (_| |  ) ) ) )
  '  |____| .__|_| |_|_| |_\__, | / / / /
 =========|_|==============|___/=/_/_/_/

 :: Spring Boot ::      (v3.3.10-SNAPSHOT)

2025-05-19T01:14:26.550+05:30  INFO 17645 --- [email-writer-sb] [           main] c.e.w.EmailWriterSbApplicationTests      : Starting EmailWriterSbApplicationTests using Java 21.0.6 with PID 17645 (started by rahul in /home/rahul/Desktop/code/email-writer-sb)
2025-05-19T01:14:26.555+05:30  INFO 17645 --- [email-writer-sb] [           main] c.e.w.EmailWriterSbApplicationTests      : No active profile set, falling back to 1 default profile: "default"
2025-05-19T01:14:28.739+05:30  INFO 17645 --- [email-writer-sb] [           main] .s.d.r.c.RepositoryConfigurationDelegate : Multiple Spring Data modules found, entering strict repository configuration mode
2025-05-19T01:14:28.748+05:30  INFO 17645 --- [email-writer-sb] [           main] .s.d.r.c.RepositoryConfigurationDelegate : Bootstrapping Spring Data Redis repositories in DEFAULT mode.
2025-05-19T01:14:28.911+05:30  INFO 17645 --- [email-writer-sb] [           main] .s.d.r.c.RepositoryConfigurationDelegate : Finished Spring Data repository scanning in 73 ms. Found 0 Redis repository interfaces.
2025-05-19T01:14:33.013+05:30  INFO 17645 --- [email-writer-sb] [           main] c.e.w.EmailWriterSbApplicationTests      : Started EmailWriterSbApplicationTests in 7.441 seconds (process running for 10.781)
]]></system-out>
    <system-err><![CDATA[WARNING: A Java agent has been loaded dynamically (/home/rahul/.m2/repository/net/bytebuddy/byte-buddy-agent/1.14.19/byte-buddy-agent-1.14.19.jar)
WARNING: If a serviceability tool is in use, please run with -XX:+EnableDynamicAgentLoading to hide this warning
WARNING: If a serviceability tool is not in use, please run with -Djdk.instrument.traceUsage for more information
WARNING: Dynamic loading of agents will be disallowed by default in a future release
]]></system-err>
  </testcase>
</testsuite>